c:\users\hp\downloads\intel_unnati_adventurers-main\intel_unnati_adventurers-main\udp_party\udp_party\x64\debug\vc143.pdb
c:\users\hp\downloads\intel_unnati_adventurers-main\intel_unnati_adventurers-main\udp_party\udp_party\x64\debug\vc143.idb
c:\users\hp\downloads\intel_unnati_adventurers-main\intel_unnati_adventurers-main\udp_party\udp_party\x64\debug\utils.obj
c:\users\hp\downloads\intel_unnati_adventurers-main\intel_unnati_adventurers-main\udp_party\udp_party\x64\debug\types.obj
c:\users\hp\downloads\intel_unnati_adventurers-main\intel_unnati_adventurers-main\udp_party\udp_party\x64\debug\sockets.obj
c:\users\hp\downloads\intel_unnati_adventurers-main\intel_unnati_adventurers-main\udp_party\udp_party\x64\debug\session.obj
c:\users\hp\downloads\intel_unnati_adventurers-main\intel_unnati_adventurers-main\udp_party\udp_party\x64\debug\server_session.obj
c:\users\hp\downloads\intel_unnati_adventurers-main\intel_unnati_adventurers-main\udp_party\udp_party\x64\debug\server.obj
c:\users\hp\downloads\intel_unnati_adventurers-main\intel_unnati_adventurers-main\udp_party\udp_party\x64\debug\main.obj
c:\users\hp\downloads\intel_unnati_adventurers-main\intel_unnati_adventurers-main\udp_party\udp_party\x64\debug\eliza.obj
c:\users\hp\downloads\intel_unnati_adventurers-main\intel_unnati_adventurers-main\udp_party\udp_party\x64\debug\crypto_wrapper_openssl.obj
c:\users\hp\downloads\intel_unnati_adventurers-main\intel_unnati_adventurers-main\udp_party\udp_party\x64\debug\crypto_wrapper_mbedtls.obj
c:\users\hp\downloads\intel_unnati_adventurers-main\intel_unnati_adventurers-main\udp_party\udp_party\x64\debug\crypto_wrapper_empty.obj
c:\users\hp\downloads\intel_unnati_adventurers-main\intel_unnati_adventurers-main\udp_party\udp_party\x64\debug\client_session.obj
c:\users\hp\downloads\intel_unnati_adventurers-main\intel_unnati_adventurers-main\udp_party\udp_party\x64\debug\client.obj
c:\users\hp\downloads\intel_unnati_adventurers-main\intel_unnati_adventurers-main\udp_party\x64\debug\udp_party.exe
c:\users\hp\downloads\intel_unnati_adventurers-main\intel_unnati_adventurers-main\udp_party\x64\debug\udp_party.pdb
c:\users\hp\downloads\intel_unnati_adventurers-main\intel_unnati_adventurers-main\udp_party\udp_party\x64\debug\udp_party.ilk
c:\users\hp\downloads\intel_unnati_adventurers-main\intel_unnati_adventurers-main\udp_party\udp_party\x64\debug\udp_party.tlog\cl.command.1.tlog
c:\users\hp\downloads\intel_unnati_adventurers-main\intel_unnati_adventurers-main\udp_party\udp_party\x64\debug\udp_party.tlog\cl.items.tlog
c:\users\hp\downloads\intel_unnati_adventurers-main\intel_unnati_adventurers-main\udp_party\udp_party\x64\debug\udp_party.tlog\cl.read.1.tlog
c:\users\hp\downloads\intel_unnati_adventurers-main\intel_unnati_adventurers-main\udp_party\udp_party\x64\debug\udp_party.tlog\cl.write.1.tlog
c:\users\hp\downloads\intel_unnati_adventurers-main\intel_unnati_adventurers-main\udp_party\udp_party\x64\debug\udp_party.tlog\link.command.1.tlog
c:\users\hp\downloads\intel_unnati_adventurers-main\intel_unnati_adventurers-main\udp_party\udp_party\x64\debug\udp_party.tlog\link.read.1.tlog
c:\users\hp\downloads\intel_unnati_adventurers-main\intel_unnati_adventurers-main\udp_party\udp_party\x64\debug\udp_party.tlog\link.secondary.1.tlog
c:\users\hp\downloads\intel_unnati_adventurers-main\intel_unnati_adventurers-main\udp_party\udp_party\x64\debug\udp_party.tlog\link.write.1.tlog
